<?xml version="1.0" encoding="UTF-8" standalone="yes"?>
<testsuites name="TS_LogOff" time="88" tests="3" failures="1" errors="0">
    <testsuite name="TS_LogOff" tests="3" failures="1" errors="0" time="88" timestamp="2019-12-12 17:40:50" hostname="lope112166 - LOPE112166-11.siigo.com" id="Test Suites/TS_LogOff">
        <properties>
            <property name="deviceName" value=""/>
            <property name="devicePlatform" value=""/>
            <property name="logFolder" value="C:\\Users\\lope112166\\Katalon Studio\\katalonbasic\\Reports\\TS_LogOff\\20191212_174031"/>
            <property name="logFiles" value="C:\\Users\\lope112166\\Katalon Studio\\katalonbasic\\Reports\\TS_LogOff\\20191212_174031\\execution0.log"/>
            <property name="attachments" value="C:\\Users\\lope112166\\Katalon Studio\\katalonbasic\\Reports\\TS_LogOff\\20191212_174031\\1576190496092.png, C:\\Users\\lope112166\\Katalon Studio\\katalonbasic\\Reports\\TS_LogOff\\20191212_174031\\1576190496431.png"/>
            <property name="hostName" value="lope112166 - LOPE112166-11.siigo.com"/>
            <property name="os" value="Windows 10 64bit"/>
            <property name="katalonVersion" value="6.2.1.2"/>
            <property name="browser" value="Chrome 79.0.3945.79"/>
            <property name="hostAddress" value="10.89.50.57"/>
            <property name="sessionId" value="626144d8c865945dbe353d676555a74e"/>
            <property name="seleniumVersion" value="3.141.59"/>
            <property name="proxyInformation" value="ProxyInformation{proxyOption=NO_PROXY, proxyServerType=HTTP, password=, proxyServerAddress=, proxyServerPort=0}"/>
            <property name="platform" value="Windows 10"/>
        </properties>
        <testcase name="Test Cases/TC_LogOff" classname="Test Cases/TC_LogOff" status="PASSED">
            <system-out>2019-12-12 17:40:50 - [TEST_CASE][PASSED] - Test Cases/TC_LogOff: Test Cases/TC_LogOff&#xD;
&#xD;
2019-12-12 17:40:50 - [TEST_STEP][PASSED] - openBrowser(URL): Browser is opened with url: 'http://testeresiigojs.azurewebsites.net/#/license'&#xD;
&#xD;
2019-12-12 17:40:51 - [MESSAGE][INFO] - Starting 'Chrome' driver&#xD;
&#xD;
2019-12-12 17:40:51 - [MESSAGE][INFO] - Action delay is set to 0 seconds&#xD;
&#xD;
2019-12-12 17:41:09 - [MESSAGE][PASSED] - Browser is opened with url: 'http://testeresiigojs.azurewebsites.net/#/license'&#xD;
&#xD;
2019-12-12 17:41:09 - [TEST_STEP][PASSED] - setText(findTestObject("Login/inputUserName"), userName): Text 'siigo@tech.com' is set on object 'Object Repository/Login/inputUserName'&#xD;
&#xD;
2019-12-12 17:41:10 - [MESSAGE][PASSED] - Text 'siigo@tech.com' is set on object 'Object Repository/Login/inputUserName'&#xD;
&#xD;
2019-12-12 17:41:10 - [TEST_STEP][PASSED] - setText(findTestObject("Login/inputPassword"), password): Text '1112' is set on object 'Object Repository/Login/inputPassword'&#xD;
&#xD;
2019-12-12 17:41:10 - [MESSAGE][PASSED] - Text '1112' is set on object 'Object Repository/Login/inputPassword'&#xD;
&#xD;
2019-12-12 17:41:10 - [TEST_STEP][PASSED] - click(findTestObject("Login/buttonLogin")): Object: 'Object Repository/Login/buttonLogin' is clicked on&#xD;
&#xD;
2019-12-12 17:41:10 - [MESSAGE][PASSED] - Object: 'Object Repository/Login/buttonLogin' is clicked on&#xD;
&#xD;
2019-12-12 17:41:10 - [TEST_STEP][PASSED] - verifyElementPresent(findTestObject("Login/alert"), 5, STOP_ON_FAILURE): Object 'Object Repository/Login/alert' is present&#xD;
&#xD;
2019-12-12 17:41:12 - [MESSAGE][PASSED] - Object 'Object Repository/Login/alert' is present&#xD;
&#xD;
2019-12-12 17:41:12 - [TEST_STEP][PASSED] - closeBrowser(): Browser is closed&#xD;
&#xD;
2019-12-12 17:41:13 - [MESSAGE][PASSED] - Browser is closed</system-out>
            <system-err></system-err>
        </testcase>
        <testcase name="Test Cases/TC_LogOff" classname="Test Cases/TC_LogOff" status="FAILED">
            <failure type="FAILED" message="Test Cases/TC_LogOff FAILED.&#xA;Reason:&#xA;com.kms.katalon.core.exception.StepFailedException: Unable to verify object 'Object Repository/Login/alert' is present&#xD;&#xA;&#x9;at com.kms.katalon.core.webui.keyword.internal.WebUIKeywordMain.stepFailed(WebUIKeywordMain.groovy:64)&#xD;&#xA;&#x9;at com.kms.katalon.core.webui.keyword.internal.WebUIKeywordMain.runKeyword(WebUIKeywordMain.groovy:26)&#xD;&#xA;&#x9;at com.kms.katalon.core.webui.keyword.builtin.VerifyElementPresentKeyword.verifyElementPresent(VerifyElementPresentKeyword.groovy:92)&#xD;&#xA;&#x9;at com.kms.katalon.core.webui.keyword.builtin.VerifyElementPresentKeyword.execute(VerifyElementPresentKeyword.groovy:68)&#xD;&#xA;&#x9;at com.kms.katalon.core.keyword.internal.KeywordExecutor.executeKeywordForPlatform(KeywordExecutor.groovy:56)&#xD;&#xA;&#x9;at com.kms.katalon.core.webui.keyword.WebUiBuiltInKeywords.verifyElementPresent(WebUiBuiltInKeywords.groovy:1418)&#xD;&#xA;&#x9;at com.kms.katalon.core.webui.keyword.WebUiBuiltInKeywords$verifyElementPresent$2.call(Unknown Source)&#xD;&#xA;&#x9;at TC_LogOff.run(TC_LogOff:24)&#xD;&#xA;&#x9;at com.kms.katalon.core.main.ScriptEngine.run(ScriptEngine.java:194)&#xD;&#xA;&#x9;at com.kms.katalon.core.main.ScriptEngine.runScriptAsRawText(ScriptEngine.java:119)&#xD;&#xA;&#x9;at com.kms.katalon.core.main.TestCaseExecutor.runScript(TestCaseExecutor.java:337)&#xD;&#xA;&#x9;at com.kms.katalon.core.main.TestCaseExecutor.doExecute(TestCaseExecutor.java:328)&#xD;&#xA;&#x9;at com.kms.katalon.core.main.TestCaseExecutor.processExecutionPhase(TestCaseExecutor.java:307)&#xD;&#xA;&#x9;at com.kms.katalon.core.main.TestCaseExecutor.accessMainPhase(TestCaseExecutor.java:299)&#xD;&#xA;&#x9;at com.kms.katalon.core.main.TestCaseExecutor.execute(TestCaseExecutor.java:233)&#xD;&#xA;&#x9;at com.kms.katalon.core.main.TestSuiteExecutor.accessTestCaseMainPhase(TestSuiteExecutor.java:133)&#xD;&#xA;&#x9;at com.kms.katalon.core.main.TestSuiteExecutor.accessTestSuiteMainPhase(TestSuiteExecutor.java:116)&#xD;&#xA;&#x9;at com.kms.katalon.core.main.TestSuiteExecutor.execute(TestSuiteExecutor.java:83)&#xD;&#xA;&#x9;at com.kms.katalon.core.main.TestCaseMain.startTestSuite(TestCaseMain.java:157)&#xD;&#xA;&#x9;at com.kms.katalon.core.main.TestCaseMain$startTestSuite$0.call(Unknown Source)&#xD;&#xA;&#x9;at TempTestSuite1576190431929.run(TempTestSuite1576190431929.groovy:35)&#xD;&#xA;Caused by: com.kms.katalon.core.exception.StepFailedException: com.kms.katalon.core.webui.exception.WebElementNotFoundException: Web element with id: 'Object Repository/Login/alert' located by 'By.xpath: //div[@class='alert alert-danger']' not found&#xD;&#xA;&#x9;at com.kms.katalon.core.webui.keyword.internal.WebUIKeywordMain.stepFailed(WebUIKeywordMain.groovy:64)&#xD;&#xA;&#x9;at com.kms.katalon.core.webui.keyword.builtin.VerifyElementPresentKeyword$_verifyElementPresent_closure1.doCall(VerifyElementPresentKeyword.groovy:85)&#xD;&#xA;&#x9;at com.kms.katalon.core.webui.keyword.builtin.VerifyElementPresentKeyword$_verifyElementPresent_closure1.call(VerifyElementPresentKeyword.groovy)&#xD;&#xA;&#x9;at com.kms.katalon.core.webui.keyword.internal.WebUIKeywordMain.runKeyword(WebUIKeywordMain.groovy:20)&#xD;&#xA;&#x9;... 19 more&#xD;&#xA;"/>
            <system-out>2019-12-12 17:41:13 - [TEST_CASE][FAILED] - Test Cases/TC_LogOff: Test Cases/TC_LogOff FAILED.
Reason:
com.kms.katalon.core.exception.StepFailedException: Unable to verify object 'Object Repository/Login/alert' is present&#xD;
	at com.kms.katalon.core.webui.keyword.internal.WebUIKeywordMain.stepFailed(WebUIKeywordMain.groovy:64)&#xD;
	at com.kms.katalon.core.webui.keyword.internal.WebUIKeywordMain.runKeyword(WebUIKeywordMain.groovy:26)&#xD;
	at com.kms.katalon.core.webui.keyword.builtin.VerifyElementPresentKeyword.verifyElementPresent(VerifyElementPresentKeyword.groovy:92)&#xD;
	at com.kms.katalon.core.webui.keyword.builtin.VerifyElementPresentKeyword.execute(VerifyElementPresentKeyword.groovy:68)&#xD;
	at com.kms.katalon.core.keyword.internal.KeywordExecutor.executeKeywordForPlatform(KeywordExecutor.groovy:56)&#xD;
	at com.kms.katalon.core.webui.keyword.WebUiBuiltInKeywords.verifyElementPresent(WebUiBuiltInKeywords.groovy:1418)&#xD;
	at com.kms.katalon.core.webui.keyword.WebUiBuiltInKeywords$verifyElementPresent$2.call(Unknown Source)&#xD;
	at TC_LogOff.run(TC_LogOff:24)&#xD;
	at com.kms.katalon.core.main.ScriptEngine.run(ScriptEngine.java:194)&#xD;
	at com.kms.katalon.core.main.ScriptEngine.runScriptAsRawText(ScriptEngine.java:119)&#xD;
	at com.kms.katalon.core.main.TestCaseExecutor.runScript(TestCaseExecutor.java:337)&#xD;
	at com.kms.katalon.core.main.TestCaseExecutor.doExecute(TestCaseExecutor.java:328)&#xD;
	at com.kms.katalon.core.main.TestCaseExecutor.processExecutionPhase(TestCaseExecutor.java:307)&#xD;
	at com.kms.katalon.core.main.TestCaseExecutor.accessMainPhase(TestCaseExecutor.java:299)&#xD;
	at com.kms.katalon.core.main.TestCaseExecutor.execute(TestCaseExecutor.java:233)&#xD;
	at com.kms.katalon.core.main.TestSuiteExecutor.accessTestCaseMainPhase(TestSuiteExecutor.java:133)&#xD;
	at com.kms.katalon.core.main.TestSuiteExecutor.accessTestSuiteMainPhase(TestSuiteExecutor.java:116)&#xD;
	at com.kms.katalon.core.main.TestSuiteExecutor.execute(TestSuiteExecutor.java:83)&#xD;
	at com.kms.katalon.core.main.TestCaseMain.startTestSuite(TestCaseMain.java:157)&#xD;
	at com.kms.katalon.core.main.TestCaseMain$startTestSuite$0.call(Unknown Source)&#xD;
	at TempTestSuite1576190431929.run(TempTestSuite1576190431929.groovy:35)&#xD;
Caused by: com.kms.katalon.core.exception.StepFailedException: com.kms.katalon.core.webui.exception.WebElementNotFoundException: Web element with id: 'Object Repository/Login/alert' located by 'By.xpath: //div[@class='alert alert-danger']' not found&#xD;
	at com.kms.katalon.core.webui.keyword.internal.WebUIKeywordMain.stepFailed(WebUIKeywordMain.groovy:64)&#xD;
	at com.kms.katalon.core.webui.keyword.builtin.VerifyElementPresentKeyword$_verifyElementPresent_closure1.doCall(VerifyElementPresentKeyword.groovy:85)&#xD;
	at com.kms.katalon.core.webui.keyword.builtin.VerifyElementPresentKeyword$_verifyElementPresent_closure1.call(VerifyElementPresentKeyword.groovy)&#xD;
	at com.kms.katalon.core.webui.keyword.internal.WebUIKeywordMain.runKeyword(WebUIKeywordMain.groovy:20)&#xD;
	... 19 more&#xD;
&#xD;
&#xD;
2019-12-12 17:41:13 - [TEST_STEP][PASSED] - openBrowser(URL): Browser is opened with url: 'http://testeresiigojs.azurewebsites.net/#/license'&#xD;
&#xD;
2019-12-12 17:41:13 - [MESSAGE][INFO] - Starting 'Chrome' driver&#xD;
&#xD;
2019-12-12 17:41:29 - [MESSAGE][PASSED] - Browser is opened with url: 'http://testeresiigojs.azurewebsites.net/#/license'&#xD;
&#xD;
2019-12-12 17:41:29 - [TEST_STEP][PASSED] - setText(findTestObject("Login/inputUserName"), userName): Text 'siigo@tech.com' is set on object 'Object Repository/Login/inputUserName'&#xD;
&#xD;
2019-12-12 17:41:30 - [MESSAGE][PASSED] - Text 'siigo@tech.com' is set on object 'Object Repository/Login/inputUserName'&#xD;
&#xD;
2019-12-12 17:41:30 - [TEST_STEP][PASSED] - setText(findTestObject("Login/inputPassword"), password): Text '1111' is set on object 'Object Repository/Login/inputPassword'&#xD;
&#xD;
2019-12-12 17:41:30 - [MESSAGE][PASSED] - Text '1111' is set on object 'Object Repository/Login/inputPassword'&#xD;
&#xD;
2019-12-12 17:41:30 - [TEST_STEP][PASSED] - click(findTestObject("Login/buttonLogin")): Object: 'Object Repository/Login/buttonLogin' is clicked on&#xD;
&#xD;
2019-12-12 17:41:30 - [MESSAGE][PASSED] - Object: 'Object Repository/Login/buttonLogin' is clicked on&#xD;
&#xD;
2019-12-12 17:41:30 - [TEST_STEP][FAILED] - verifyElementPresent(findTestObject("Login/alert"), 5, STOP_ON_FAILURE): Unable to verify object 'Object Repository/Login/alert' is present (Root cause: com.kms.katalon.core.exception.StepFailedException: Unable to verify object 'Object Repository/Login/alert' is present&#xD;
	at com.kms.katalon.core.webui.keyword.internal.WebUIKeywordMain.stepFailed(WebUIKeywordMain.groovy:64)&#xD;
	at com.kms.katalon.core.webui.keyword.internal.WebUIKeywordMain.runKeyword(WebUIKeywordMain.groovy:26)&#xD;
	at com.kms.katalon.core.webui.keyword.builtin.VerifyElementPresentKeyword.verifyElementPresent(VerifyElementPresentKeyword.groovy:92)&#xD;
	at com.kms.katalon.core.webui.keyword.builtin.VerifyElementPresentKeyword.execute(VerifyElementPresentKeyword.groovy:68)&#xD;
	at com.kms.katalon.core.keyword.internal.KeywordExecutor.executeKeywordForPlatform(KeywordExecutor.groovy:56)&#xD;
	at com.kms.katalon.core.webui.keyword.WebUiBuiltInKeywords.verifyElementPresent(WebUiBuiltInKeywords.groovy:1418)&#xD;
	at com.kms.katalon.core.webui.keyword.WebUiBuiltInKeywords$verifyElementPresent$2.call(Unknown Source)&#xD;
	at TC_LogOff.run(TC_LogOff:24)&#xD;
	at com.kms.katalon.core.main.ScriptEngine.run(ScriptEngine.java:194)&#xD;
	at com.kms.katalon.core.main.ScriptEngine.runScriptAsRawText(ScriptEngine.java:119)&#xD;
	at com.kms.katalon.core.main.TestCaseExecutor.runScript(TestCaseExecutor.java:337)&#xD;
	at com.kms.katalon.core.main.TestCaseExecutor.doExecute(TestCaseExecutor.java:328)&#xD;
	at com.kms.katalon.core.main.TestCaseExecutor.processExecutionPhase(TestCaseExecutor.java:307)&#xD;
	at com.kms.katalon.core.main.TestCaseExecutor.accessMainPhase(TestCaseExecutor.java:299)&#xD;
	at com.kms.katalon.core.main.TestCaseExecutor.execute(TestCaseExecutor.java:233)&#xD;
	at com.kms.katalon.core.main.TestSuiteExecutor.accessTestCaseMainPhase(TestSuiteExecutor.java:133)&#xD;
	at com.kms.katalon.core.main.TestSuiteExecutor.accessTestSuiteMainPhase(TestSuiteExecutor.java:116)&#xD;
	at com.kms.katalon.core.main.TestSuiteExecutor.execute(TestSuiteExecutor.java:83)&#xD;
	at com.kms.katalon.core.main.TestCaseMain.startTestSuite(TestCaseMain.java:157)&#xD;
	at com.kms.katalon.core.main.TestCaseMain$startTestSuite$0.call(Unknown Source)&#xD;
	at TempTestSuite1576190431929.run(TempTestSuite1576190431929.groovy:35)&#xD;
Caused by: com.kms.katalon.core.exception.StepFailedException: com.kms.katalon.core.webui.exception.WebElementNotFoundException: Web element with id: 'Object Repository/Login/alert' located by 'By.xpath: //div[@class='alert alert-danger']' not found&#xD;
	at com.kms.katalon.core.webui.keyword.internal.WebUIKeywordMain.stepFailed(WebUIKeywordMain.groovy:64)&#xD;
	at com.kms.katalon.core.webui.keyword.builtin.VerifyElementPresentKeyword$_verifyElementPresent_closure1.doCall(VerifyElementPresentKeyword.groovy:85)&#xD;
	at com.kms.katalon.core.webui.keyword.builtin.VerifyElementPresentKeyword$_verifyElementPresent_closure1.call(VerifyElementPresentKeyword.groovy)&#xD;
	at com.kms.katalon.core.webui.keyword.internal.WebUIKeywordMain.runKeyword(WebUIKeywordMain.groovy:20)&#xD;
	... 19 more&#xD;
)&#xD;
&#xD;
2019-12-12 17:41:36 - [MESSAGE][INFO] - Unable to find the element located by 'By.xpath: //div[@class='alert alert-danger']'. Please recheck the objects properties to make sure the desired element is located. &#xD;
&#xD;
2019-12-12 17:41:36 - [MESSAGE][FAILED] - com.kms.katalon.core.webui.exception.WebElementNotFoundException: Web element with id: 'Object Repository/Login/alert' located by 'By.xpath: //div[@class='alert alert-danger']' not found (Root cause: com.kms.katalon.core.exception.StepFailedException: com.kms.katalon.core.webui.exception.WebElementNotFoundException: Web element with id: 'Object Repository/Login/alert' located by 'By.xpath: //div[@class='alert alert-danger']' not found&#xD;
	at com.kms.katalon.core.webui.keyword.internal.WebUIKeywordMain.stepFailed(WebUIKeywordMain.groovy:64)&#xD;
	at com.kms.katalon.core.webui.keyword.builtin.VerifyElementPresentKeyword$_verifyElementPresent_closure1.doCall(VerifyElementPresentKeyword.groovy:85)&#xD;
	at com.kms.katalon.core.webui.keyword.builtin.VerifyElementPresentKeyword$_verifyElementPresent_closure1.call(VerifyElementPresentKeyword.groovy)&#xD;
	at com.kms.katalon.core.webui.keyword.internal.WebUIKeywordMain.runKeyword(WebUIKeywordMain.groovy:20)&#xD;
	at com.kms.katalon.core.webui.keyword.builtin.VerifyElementPresentKeyword.verifyElementPresent(VerifyElementPresentKeyword.groovy:92)&#xD;
	at com.kms.katalon.core.webui.keyword.builtin.VerifyElementPresentKeyword.execute(VerifyElementPresentKeyword.groovy:68)&#xD;
	at com.kms.katalon.core.keyword.internal.KeywordExecutor.executeKeywordForPlatform(KeywordExecutor.groovy:56)&#xD;
	at com.kms.katalon.core.webui.keyword.WebUiBuiltInKeywords.verifyElementPresent(WebUiBuiltInKeywords.groovy:1418)&#xD;
	at com.kms.katalon.core.webui.keyword.WebUiBuiltInKeywords$verifyElementPresent$2.call(Unknown Source)&#xD;
	at TC_LogOff.run(TC_LogOff:24)&#xD;
	at com.kms.katalon.core.main.ScriptEngine.run(ScriptEngine.java:194)&#xD;
	at com.kms.katalon.core.main.ScriptEngine.runScriptAsRawText(ScriptEngine.java:119)&#xD;
	at com.kms.katalon.core.main.TestCaseExecutor.runScript(TestCaseExecutor.java:337)&#xD;
	at com.kms.katalon.core.main.TestCaseExecutor.doExecute(TestCaseExecutor.java:328)&#xD;
	at com.kms.katalon.core.main.TestCaseExecutor.processExecutionPhase(TestCaseExecutor.java:307)&#xD;
	at com.kms.katalon.core.main.TestCaseExecutor.accessMainPhase(TestCaseExecutor.java:299)&#xD;
	at com.kms.katalon.core.main.TestCaseExecutor.execute(TestCaseExecutor.java:233)&#xD;
	at com.kms.katalon.core.main.TestSuiteExecutor.accessTestCaseMainPhase(TestSuiteExecutor.java:133)&#xD;
	at com.kms.katalon.core.main.TestSuiteExecutor.accessTestSuiteMainPhase(TestSuiteExecutor.java:116)&#xD;
	at com.kms.katalon.core.main.TestSuiteExecutor.execute(TestSuiteExecutor.java:83)&#xD;
	at com.kms.katalon.core.main.TestCaseMain.startTestSuite(TestCaseMain.java:157)&#xD;
	at com.kms.katalon.core.main.TestCaseMain$startTestSuite$0.call(Unknown Source)&#xD;
	at TempTestSuite1576190431929.run(TempTestSuite1576190431929.groovy:35)&#xD;
)&#xD;
[[ATTACHMENT|C:\\Users\\lope112166\\Katalon Studio\\katalonbasic\\Reports\\TS_LogOff\\20191212_174031\\1576190496092.png]]&#xD;
&#xD;
2019-12-12 17:41:36 - [MESSAGE][FAILED] - Unable to verify object 'Object Repository/Login/alert' is present (Root cause: com.kms.katalon.core.exception.StepFailedException: Unable to verify object 'Object Repository/Login/alert' is present&#xD;
	at com.kms.katalon.core.webui.keyword.internal.WebUIKeywordMain.stepFailed(WebUIKeywordMain.groovy:64)&#xD;
	at com.kms.katalon.core.webui.keyword.internal.WebUIKeywordMain.runKeyword(WebUIKeywordMain.groovy:26)&#xD;
	at com.kms.katalon.core.webui.keyword.builtin.VerifyElementPresentKeyword.verifyElementPresent(VerifyElementPresentKeyword.groovy:92)&#xD;
	at com.kms.katalon.core.webui.keyword.builtin.VerifyElementPresentKeyword.execute(VerifyElementPresentKeyword.groovy:68)&#xD;
	at com.kms.katalon.core.keyword.internal.KeywordExecutor.executeKeywordForPlatform(KeywordExecutor.groovy:56)&#xD;
	at com.kms.katalon.core.webui.keyword.WebUiBuiltInKeywords.verifyElementPresent(WebUiBuiltInKeywords.groovy:1418)&#xD;
	at com.kms.katalon.core.webui.keyword.WebUiBuiltInKeywords$verifyElementPresent$2.call(Unknown Source)&#xD;
	at TC_LogOff.run(TC_LogOff:24)&#xD;
	at com.kms.katalon.core.main.ScriptEngine.run(ScriptEngine.java:194)&#xD;
	at com.kms.katalon.core.main.ScriptEngine.runScriptAsRawText(ScriptEngine.java:119)&#xD;
	at com.kms.katalon.core.main.TestCaseExecutor.runScript(TestCaseExecutor.java:337)&#xD;
	at com.kms.katalon.core.main.TestCaseExecutor.doExecute(TestCaseExecutor.java:328)&#xD;
	at com.kms.katalon.core.main.TestCaseExecutor.processExecutionPhase(TestCaseExecutor.java:307)&#xD;
	at com.kms.katalon.core.main.TestCaseExecutor.accessMainPhase(TestCaseExecutor.java:299)&#xD;
	at com.kms.katalon.core.main.TestCaseExecutor.execute(TestCaseExecutor.java:233)&#xD;
	at com.kms.katalon.core.main.TestSuiteExecutor.accessTestCaseMainPhase(TestSuiteExecutor.java:133)&#xD;
	at com.kms.katalon.core.main.TestSuiteExecutor.accessTestSuiteMainPhase(TestSuiteExecutor.java:116)&#xD;
	at com.kms.katalon.core.main.TestSuiteExecutor.execute(TestSuiteExecutor.java:83)&#xD;
	at com.kms.katalon.core.main.TestCaseMain.startTestSuite(TestCaseMain.java:157)&#xD;
	at com.kms.katalon.core.main.TestCaseMain$startTestSuite$0.call(Unknown Source)&#xD;
	at TempTestSuite1576190431929.run(TempTestSuite1576190431929.groovy:35)&#xD;
Caused by: com.kms.katalon.core.exception.StepFailedException: com.kms.katalon.core.webui.exception.WebElementNotFoundException: Web element with id: 'Object Repository/Login/alert' located by 'By.xpath: //div[@class='alert alert-danger']' not found&#xD;
	at com.kms.katalon.core.webui.keyword.internal.WebUIKeywordMain.stepFailed(WebUIKeywordMain.groovy:64)&#xD;
	at com.kms.katalon.core.webui.keyword.builtin.VerifyElementPresentKeyword$_verifyElementPresent_closure1.doCall(VerifyElementPresentKeyword.groovy:85)&#xD;
	at com.kms.katalon.core.webui.keyword.builtin.VerifyElementPresentKeyword$_verifyElementPresent_closure1.call(VerifyElementPresentKeyword.groovy)&#xD;
	at com.kms.katalon.core.webui.keyword.internal.WebUIKeywordMain.runKeyword(WebUIKeywordMain.groovy:20)&#xD;
	... 19 more&#xD;
)&#xD;
[[ATTACHMENT|C:\\Users\\lope112166\\Katalon Studio\\katalonbasic\\Reports\\TS_LogOff\\20191212_174031\\1576190496431.png]]</system-out>
            <system-err>2019-12-12 17:41:13 - [TEST_CASE][FAILED] - Test Cases/TC_LogOff: Test Cases/TC_LogOff FAILED.
Reason:
com.kms.katalon.core.exception.StepFailedException: Unable to verify object 'Object Repository/Login/alert' is present&#xD;
	at com.kms.katalon.core.webui.keyword.internal.WebUIKeywordMain.stepFailed(WebUIKeywordMain.groovy:64)&#xD;
	at com.kms.katalon.core.webui.keyword.internal.WebUIKeywordMain.runKeyword(WebUIKeywordMain.groovy:26)&#xD;
	at com.kms.katalon.core.webui.keyword.builtin.VerifyElementPresentKeyword.verifyElementPresent(VerifyElementPresentKeyword.groovy:92)&#xD;
	at com.kms.katalon.core.webui.keyword.builtin.VerifyElementPresentKeyword.execute(VerifyElementPresentKeyword.groovy:68)&#xD;
	at com.kms.katalon.core.keyword.internal.KeywordExecutor.executeKeywordForPlatform(KeywordExecutor.groovy:56)&#xD;
	at com.kms.katalon.core.webui.keyword.WebUiBuiltInKeywords.verifyElementPresent(WebUiBuiltInKeywords.groovy:1418)&#xD;
	at com.kms.katalon.core.webui.keyword.WebUiBuiltInKeywords$verifyElementPresent$2.call(Unknown Source)&#xD;
	at TC_LogOff.run(TC_LogOff:24)&#xD;
	at com.kms.katalon.core.main.ScriptEngine.run(ScriptEngine.java:194)&#xD;
	at com.kms.katalon.core.main.ScriptEngine.runScriptAsRawText(ScriptEngine.java:119)&#xD;
	at com.kms.katalon.core.main.TestCaseExecutor.runScript(TestCaseExecutor.java:337)&#xD;
	at com.kms.katalon.core.main.TestCaseExecutor.doExecute(TestCaseExecutor.java:328)&#xD;
	at com.kms.katalon.core.main.TestCaseExecutor.processExecutionPhase(TestCaseExecutor.java:307)&#xD;
	at com.kms.katalon.core.main.TestCaseExecutor.accessMainPhase(TestCaseExecutor.java:299)&#xD;
	at com.kms.katalon.core.main.TestCaseExecutor.execute(TestCaseExecutor.java:233)&#xD;
	at com.kms.katalon.core.main.TestSuiteExecutor.accessTestCaseMainPhase(TestSuiteExecutor.java:133)&#xD;
	at com.kms.katalon.core.main.TestSuiteExecutor.accessTestSuiteMainPhase(TestSuiteExecutor.java:116)&#xD;
	at com.kms.katalon.core.main.TestSuiteExecutor.execute(TestSuiteExecutor.java:83)&#xD;
	at com.kms.katalon.core.main.TestCaseMain.startTestSuite(TestCaseMain.java:157)&#xD;
	at com.kms.katalon.core.main.TestCaseMain$startTestSuite$0.call(Unknown Source)&#xD;
	at TempTestSuite1576190431929.run(TempTestSuite1576190431929.groovy:35)&#xD;
Caused by: com.kms.katalon.core.exception.StepFailedException: com.kms.katalon.core.webui.exception.WebElementNotFoundException: Web element with id: 'Object Repository/Login/alert' located by 'By.xpath: //div[@class='alert alert-danger']' not found&#xD;
	at com.kms.katalon.core.webui.keyword.internal.WebUIKeywordMain.stepFailed(WebUIKeywordMain.groovy:64)&#xD;
	at com.kms.katalon.core.webui.keyword.builtin.VerifyElementPresentKeyword$_verifyElementPresent_closure1.doCall(VerifyElementPresentKeyword.groovy:85)&#xD;
	at com.kms.katalon.core.webui.keyword.builtin.VerifyElementPresentKeyword$_verifyElementPresent_closure1.call(VerifyElementPresentKeyword.groovy)&#xD;
	at com.kms.katalon.core.webui.keyword.internal.WebUIKeywordMain.runKeyword(WebUIKeywordMain.groovy:20)&#xD;
	... 19 more</system-err>
        </testcase>
        <testcase name="Test Cases/TC_LogOff" classname="Test Cases/TC_LogOff" status="PASSED">
            <system-out>2019-12-12 17:41:36 - [TEST_CASE][PASSED] - Test Cases/TC_LogOff: Test Cases/TC_LogOff&#xD;
&#xD;
2019-12-12 17:41:36 - [TEST_STEP][PASSED] - openBrowser(URL): Browser is opened with url: 'http://testeresiigojs.azurewebsites.net/#/license'&#xD;
&#xD;
2019-12-12 17:41:36 - [MESSAGE][WARNING] - A browser is already opened. Closing browser and opening a new one&#xD;
&#xD;
2019-12-12 17:41:37 - [MESSAGE][INFO] - Starting 'Chrome' driver&#xD;
&#xD;
2019-12-12 17:41:56 - [MESSAGE][PASSED] - Browser is opened with url: 'http://testeresiigojs.azurewebsites.net/#/license'&#xD;
&#xD;
2019-12-12 17:41:56 - [TEST_STEP][PASSED] - setText(findTestObject("Login/inputUserName"), userName): Text 'tech@siigo.com' is set on object 'Object Repository/Login/inputUserName'&#xD;
&#xD;
2019-12-12 17:41:57 - [MESSAGE][PASSED] - Text 'tech@siigo.com' is set on object 'Object Repository/Login/inputUserName'&#xD;
&#xD;
2019-12-12 17:41:57 - [TEST_STEP][PASSED] - setText(findTestObject("Login/inputPassword"), password): Text '1112' is set on object 'Object Repository/Login/inputPassword'&#xD;
&#xD;
2019-12-12 17:41:58 - [MESSAGE][PASSED] - Text '1112' is set on object 'Object Repository/Login/inputPassword'&#xD;
&#xD;
2019-12-12 17:41:58 - [TEST_STEP][PASSED] - click(findTestObject("Login/buttonLogin")): Object: 'Object Repository/Login/buttonLogin' is clicked on&#xD;
&#xD;
2019-12-12 17:41:58 - [MESSAGE][PASSED] - Object: 'Object Repository/Login/buttonLogin' is clicked on&#xD;
&#xD;
2019-12-12 17:41:58 - [TEST_STEP][PASSED] - verifyElementPresent(findTestObject("Login/alert"), 5, STOP_ON_FAILURE): Object 'Object Repository/Login/alert' is present&#xD;
&#xD;
2019-12-12 17:41:59 - [MESSAGE][PASSED] - Object 'Object Repository/Login/alert' is present&#xD;
&#xD;
2019-12-12 17:41:59 - [TEST_STEP][PASSED] - closeBrowser(): Browser is closed&#xD;
&#xD;
2019-12-12 17:41:59 - [MESSAGE][PASSED] - Browser is closed</system-out>
            <system-err></system-err>
        </testcase>
        <testcase name="Test Cases/TC_LogOff" classname="Test Cases/TC_LogOff" status="PASSED">
            <system-out>2019-12-12 17:41:59 - [TEST_CASE][PASSED] - Test Cases/TC_LogOff: Test Cases/TC_LogOff&#xD;
&#xD;
2019-12-12 17:41:59 - [TEST_STEP][PASSED] - openBrowser(URL): Browser is opened with url: 'http://testeresiigojs.azurewebsites.net/#/license'&#xD;
&#xD;
2019-12-12 17:41:59 - [MESSAGE][INFO] - Starting 'Chrome' driver&#xD;
&#xD;
2019-12-12 17:42:16 - [MESSAGE][PASSED] - Browser is opened with url: 'http://testeresiigojs.azurewebsites.net/#/license'&#xD;
&#xD;
2019-12-12 17:42:16 - [TEST_STEP][PASSED] - setText(findTestObject("Login/inputUserName"), userName): Text 'tech@siigo.com' is set on object 'Object Repository/Login/inputUserName'&#xD;
&#xD;
2019-12-12 17:42:17 - [MESSAGE][PASSED] - Text 'tech@siigo.com' is set on object 'Object Repository/Login/inputUserName'&#xD;
&#xD;
2019-12-12 17:42:17 - [TEST_STEP][PASSED] - setText(findTestObject("Login/inputPassword"), password): Text '1111' is set on object 'Object Repository/Login/inputPassword'&#xD;
&#xD;
2019-12-12 17:42:17 - [MESSAGE][PASSED] - Text '1111' is set on object 'Object Repository/Login/inputPassword'&#xD;
&#xD;
2019-12-12 17:42:17 - [TEST_STEP][PASSED] - click(findTestObject("Login/buttonLogin")): Object: 'Object Repository/Login/buttonLogin' is clicked on&#xD;
&#xD;
2019-12-12 17:42:17 - [MESSAGE][PASSED] - Object: 'Object Repository/Login/buttonLogin' is clicked on&#xD;
&#xD;
2019-12-12 17:42:17 - [TEST_STEP][PASSED] - verifyElementPresent(findTestObject("Login/alert"), 5, STOP_ON_FAILURE): Object 'Object Repository/Login/alert' is present&#xD;
&#xD;
2019-12-12 17:42:18 - [MESSAGE][PASSED] - Object 'Object Repository/Login/alert' is present&#xD;
&#xD;
2019-12-12 17:42:18 - [TEST_STEP][PASSED] - closeBrowser(): Browser is closed&#xD;
&#xD;
2019-12-12 17:42:19 - [MESSAGE][PASSED] - Browser is closed</system-out>
            <system-err></system-err>
        </testcase>
        <system-out>2019-12-12 17:40:50 - [TEST_SUITE][INCOMPLETE] - TS_LogOff: null</system-out>
        <system-err>2019-12-12 17:40:50 - [TEST_SUITE][INCOMPLETE] - TS_LogOff: null</system-err>
    </testsuite>
</testsuites>
